<?xml version="1.0" encoding="UTF-8"?>
<!-- Generated by org.testng.reporters.JUnitReportReporter -->
<testsuite skipped="0" hostname="IONDELLT346" name="RegisterAndOrderTest" tests="1" failures="0" timestamp="2022-10-17T23:07:26 IST" time="86.930" errors="0">
  <testcase name="generateUserRegisterAndThenPlaceAndValidateTheOrder" time="86.930" classname="RegisterAndOrderTest"/>
  <system-out/>
</testsuite> <!-- RegisterAndOrderTest -->
